<?xml version="1.0" encoding="UTF-8"?>
<!-- Generated by org.testng.reporters.JUnitReportReporter -->
<testsuite hostname="sujith" failures="0" tests="1" name="SeleniumFramework.tests.E2E2Test" time="38.032" errors="0" timestamp="24 Jul 2023 06:10:48 GMT" skipped="0">
  <testcase classname="SeleniumFramework.tests.E2E2Test" name="submitorder" time="38.032"/>
</testsuite> <!-- SeleniumFramework.tests.E2E2Test -->
