<?xml version="1.0" encoding="UTF-8"?>
<!-- Generated by org.testng.reporters.JUnitReportReporter -->
<testsuite hostname="sujith" failures="0" tests="1" name="cucumber.TestNGTestRunner" time="26.381" errors="0" timestamp="2023-08-10T17:57:58 IST" skipped="0">
  <testcase classname="cucumber.TestNGTestRunner" name="runScenario" time="26.381"/>
  <system-out/>
</testsuite> <!-- cucumber.TestNGTestRunner -->
