<?xml version="1.0" encoding="UTF-8"?>
<!-- Generated by org.testng.reporters.JUnitReportReporter -->
<testsuite hostname="sujith" failures="0" tests="1" name="SeleniumFramework.tests.ErrorValidations" time="14.319" errors="0" timestamp="24 Jul 2023 06:22:30 GMT" skipped="0">
  <testcase classname="SeleniumFramework.tests.ErrorValidations" name="submitorder" time="14.319"/>
</testsuite> <!-- SeleniumFramework.tests.ErrorValidations -->
