<?xml version="1.0" encoding="UTF-8"?>
<!-- Generated by org.testng.reporters.JUnitReportReporter -->
<testsuite skipped="0" hostname="sujith" name="SeleniumFramework.tests.SubmitOrderTest" tests="3" failures="0" timestamp="2024-07-09T16:04:07 IST" time="82.443" errors="0">
  <testcase name="submitorder" time="15.896" classname="SeleniumFramework.tests.SubmitOrderTest"/>
  <system-out/>
  <testcase name="submitorder" time="55.899" classname="SeleniumFramework.tests.SubmitOrderTest"/>
  <system-out/>
  <testcase name="OrderHistoryTest" time="10.648" classname="SeleniumFramework.tests.SubmitOrderTest"/>
  <system-out/>
</testsuite> <!-- SeleniumFramework.tests.SubmitOrderTest -->
