<?xml version="1.0" encoding="UTF-8"?>
<!-- Generated by org.testng.reporters.JUnitReportReporter -->
<testsuite skipped="0" hostname="sujith" name="SeleniumFramework.tests.ErrorValidationsTest" tests="2" failures="0" timestamp="2024-07-09T16:04:07 IST" time="68.922" errors="0">
  <testcase name="Loginerrorvalidation" time="44.957" classname="SeleniumFramework.tests.ErrorValidationsTest"/>
  <system-out/>
  <testcase name="Producterrorvalidation" time="23.965" classname="SeleniumFramework.tests.ErrorValidationsTest"/>
  <system-out/>
</testsuite> <!-- SeleniumFramework.tests.ErrorValidationsTest -->
