<?xml version="1.0" encoding="UTF-8"?>
<!-- Generated by org.testng.reporters.JUnitReportReporter -->
<testsuite skipped="0" hostname="sujith" name="cucumber.TestNGTestRunner" tests="1" failures="0" timestamp="2023-08-10T18:23:20 IST" time="43.071" errors="0">
  <testcase name="runScenario" time="43.071" classname="cucumber.TestNGTestRunner"/>
  <system-out/>
</testsuite> <!-- cucumber.TestNGTestRunner -->
